<?xml version="1.0" encoding="utf-8" standalone="no"?>
<!--This file represents the results of running a test suite-->
<test-results name="C:\tech\OSS\c#\NUnit-2.6.3\NUnit-2.6.3\src\ClientUtilities\tests\nunit.util.tests.csproj" total="3" errors="0" failures="0" not-run="0" inconclusive="0" ignored="0" skipped="0" invalid="0" date="2014-03-03" time="09:34:30">
  <environment nunit-version="2.6.3.0" clr-version="2.0.50727.6413" os-version="Microsoft Windows NT 6.2.9200.0" platform="Win32NT" cwd="C:\tech\OSS\c#\NUnit-2.6.3\NUnit-2.6.3\bin\Debug" machine-name="BIENDUBIEN-PC" user="誓志" user-domain="BIENDUBIEN-PC" />
  <culture-info current-culture="ja-JP" current-uiculture="ja-JP" />
  <test-suite type="Project" name="C:\tech\OSS\c#\NUnit-2.6.3\NUnit-2.6.3\src\ClientUtilities\tests\nunit.util.tests.csproj" executed="True" result="Success" success="True" time="0.020" asserts="0">
    <results>
      <test-suite type="Assembly" name="C:\tech\OSS\c#\NUnit-2.6.3\NUnit-2.6.3\src\ClientUtilities\tests\..\..\..\bin\Debug\tests\nunit.util.tests.dll" executed="True" result="Success" success="True" time="0.019" asserts="0">
        <results>
          <test-suite type="Namespace" name="NUnit" executed="True" result="Success" success="True" time="0.019" asserts="0">
            <results>
              <test-suite type="Namespace" name="Util" executed="True" result="Success" success="True" time="0.019" asserts="0">
                <results>
                  <test-suite type="SetUpFixture" name="Tests" executed="True" result="Success" success="True" time="0.018" asserts="0">
                    <results>
                      <test-suite type="TestFixture" name="TestRunnerFactoryTests" executed="True" result="Success" success="True" time="0.014" asserts="0">
                        <results>
                          <test-case name="NUnit.Util.Tests.TestRunnerFactoryTests.DifferentRuntimeUsesProcessRunner" executed="True" result="Success" success="True" time="0.006" asserts="1" />
                          <test-case name="NUnit.Util.Tests.TestRunnerFactoryTests.DifferentVersionUsesProcessRunner" executed="True" result="Success" success="True" time="0.001" asserts="1" />
                          <test-case name="NUnit.Util.Tests.TestRunnerFactoryTests.SameFrameworkUsesTestDomain" executed="True" result="Success" success="True" time="0.001" asserts="1" />
                        </results>
                      </test-suite>
                    </results>
                  </test-suite>
                </results>
              </test-suite>
            </results>
          </test-suite>
        </results>
      </test-suite>
    </results>
  </test-suite>
</test-results>