<?xml version="1.0" encoding="utf-8"?>
<VisualState xmlns:xsi="http://www.w3.org/2001/XMLSchema-instance" xmlns:xsd="http://www.w3.org/2001/XMLSchema" ShowCheckBoxes="false">
  <TopNode>[0-1000]C:\tech\OSS\c#\NUnit-2.6.3\NUnit-2.6.3\src\tests\test-utilities\test-utilities.csproj</TopNode>
  <SelectedNode>[0-1000]C:\tech\OSS\c#\NUnit-2.6.3\NUnit-2.6.3\src\tests\test-utilities\test-utilities.csproj</SelectedNode>
  <ExcludeCategories>false</ExcludeCategories>
  <Nodes>
    <Node UniqueName="[0-1000]C:\tech\OSS\c#\NUnit-2.6.3\NUnit-2.6.3\src\tests\test-utilities\test-utilities.csproj" Expanded="true" />
  </Nodes>
</VisualState>